<?xml version="1.0" encoding="UTF-8"?>
<!-- Generated by org.testng.reporters.JUnitReportReporter -->
<testsuite hostname="Harishs-MacBook-Pro.local" failures="0" tests="4" name="FullSetupTest" time="68.323" errors="0" timestamp="2025-03-26T18:53:22 IST" skipped="0">
  <testcase classname="FullSetupTest" name="verifyLogin" time="20.517"/>
  <system-out/>
  <testcase classname="FullSetupTest" name="verifyAgent" time="8.778"/>
  <system-out/>
  <testcase classname="FullSetupTest" name="verifyimportFile" time="21.408"/>
  <system-out/>
  <testcase classname="FullSetupTest" name="verifyDashboardPage" time="17.620"/>
  <system-out/>
</testsuite> <!-- FullSetupTest -->
