<?xml version="1.0" encoding="UTF-8"?>
<!-- Generated by org.testng.reporters.JUnitReportReporter -->
<testsuite hostname="Harishs-MacBook-Pro.local" failures="0" tests="4" name="FullSetupTest" time="44.607" errors="0" timestamp="2025-03-22T20:55:59 IST" skipped="0">
  <testcase classname="FullSetupTest" name="verifyLogin" time="0.007"/>
  <system-out/>
  <testcase classname="FullSetupTest" name="verifyAgent" time="10.917"/>
  <system-out/>
  <testcase classname="FullSetupTest" name="verifyimportFile" time="15.990"/>
  <system-out/>
  <testcase classname="FullSetupTest" name="verifyDashboardPage" time="17.693"/>
  <system-out/>
</testsuite> <!-- FullSetupTest -->
